[debug] [2020-09-28T09:45:54.863Z] ----------------------------------------------------------------------
[debug] [2020-09-28T09:45:54.869Z] Command:       /usr/bin/node /usr/bin/firebase emulators:start
[debug] [2020-09-28T09:45:54.869Z] CLI Version:   8.11.2
[debug] [2020-09-28T09:45:54.870Z] Platform:      linux
[debug] [2020-09-28T09:45:54.870Z] Node Version:  v12.18.3
[debug] [2020-09-28T09:45:54.912Z] Time:          Mon Sep 28 2020 11:45:54 GMT+0200 (Central Africa Time)
[debug] [2020-09-28T09:45:54.913Z] ----------------------------------------------------------------------
[debug] [2020-09-28T09:45:54.913Z] 
[debug] [2020-09-28T09:45:55.013Z] > command requires scopes: ["email","openid","https://www.googleapis.com/auth/cloudplatformprojects.readonly","https://www.googleapis.com/auth/firebase","https://www.googleapis.com/auth/cloud-platform"]
[debug] [2020-09-28T09:45:55.014Z] > authorizing via signed-in user
[info] i  emulators: Starting emulators: functions, hosting {"metadata":{"emulator":{"name":"hub"},"message":"Starting emulators: functions, hosting"}}
[debug] [2020-09-28T09:45:55.064Z] [hub] writing locator at /tmp/hub-clone-5fba8.json
[warn] ⚠  functions: The following emulators are not running, calls to these services from the Functions emulator will affect production: auth, firestore, database, pubsub {"metadata":{"emulator":{"name":"functions"},"message":"The following emulators are not running, calls to these services from the Functions emulator will affect production: \u001b[1mauth, firestore, database, pubsub\u001b[22m"}}
[warn] ⚠  Your requested "node" version "10" doesn't match your global version "12" {"metadata":{"emulator":{"name":"functions"},"message":"Your requested \"node\" version \"10\" doesn't match your global version \"12\""}}
[debug] [2020-09-28T09:45:55.231Z] defaultcredentials: writing to file /home/coder/.config/firebase/semwagacarine_gmail_com_application_default_credentials.json
[debug] [2020-09-28T09:45:55.254Z] Setting GAC to /home/coder/.config/firebase/semwagacarine_gmail_com_application_default_credentials.json {"metadata":{"emulator":{"name":"functions"},"message":"Setting GAC to /home/coder/.config/firebase/semwagacarine_gmail_com_application_default_credentials.json"}}
[debug] [2020-09-28T09:45:55.403Z] > refreshing access token with scopes: ["email","https://www.googleapis.com/auth/cloud-platform","https://www.googleapis.com/auth/cloudplatformprojects.readonly","https://www.googleapis.com/auth/firebase","openid"]
[debug] [2020-09-28T09:45:55.405Z] >>> HTTP REQUEST POST https://www.googleapis.com/oauth2/v3/token  
 <request body omitted>
[debug] [2020-09-28T09:45:56.018Z] <<< HTTP RESPONSE 200 {"content-type":"application/json; charset=utf-8","vary":"X-Origin, Referer, Origin,Accept-Encoding","date":"Mon, 28 Sep 2020 09:45:55 GMT","server":"scaffolding on HTTPServer2","cache-control":"private","x-xss-protection":"0","x-frame-options":"SAMEORIGIN","x-content-type-options":"nosniff","alt-svc":"h3-Q050=\":443\"; ma=2592000,h3-29=\":443\"; ma=2592000,h3-27=\":443\"; ma=2592000,h3-T051=\":443\"; ma=2592000,h3-T050=\":443\"; ma=2592000,h3-Q046=\":443\"; ma=2592000,h3-Q043=\":443\"; ma=2592000,quic=\":443\"; ma=2592000; v=\"46,43\"","accept-ranges":"none","transfer-encoding":"chunked"}
[debug] [2020-09-28T09:45:56.135Z] >>> HTTP REQUEST GET https://firebase.googleapis.com/v1beta1/projects/clone-5fba8/webApps/-/config  
 
[debug] [2020-09-28T09:45:57.478Z] <<< HTTP RESPONSE 200 {"content-type":"application/json; charset=UTF-8","vary":"X-Origin, Referer, Origin,Accept-Encoding","date":"Mon, 28 Sep 2020 09:45:57 GMT","server":"ESF","cache-control":"private","x-xss-protection":"0","x-frame-options":"SAMEORIGIN","x-content-type-options":"nosniff","alt-svc":"h3-Q050=\":443\"; ma=2592000,h3-29=\":443\"; ma=2592000,h3-27=\":443\"; ma=2592000,h3-T051=\":443\"; ma=2592000,h3-T050=\":443\"; ma=2592000,h3-Q046=\":443\"; ma=2592000,h3-Q043=\":443\"; ma=2592000,quic=\":443\"; ma=2592000; v=\"46,43\"","accept-ranges":"none","transfer-encoding":"chunked"}
[info] i  hosting: Serving hosting files from: build {"metadata":{"emulator":{"name":"hosting"},"message":"Serving hosting files from: \u001b[1mbuild\u001b[22m"}}
[info] ✔  hosting: Local server: http://localhost:5000 {"metadata":{"emulator":{"name":"hosting"},"message":"Local server: \u001b[4m\u001b[1mhttp://localhost:5000\u001b[22m\u001b[24m"}}
[debug] [2020-09-28T09:45:57.775Z] Ignoring unsupported arg: auto_download {"metadata":{"emulator":{"name":"ui"},"message":"Ignoring unsupported arg: auto_download"}}
[debug] [2020-09-28T09:45:57.776Z] Ignoring unsupported arg: port {"metadata":{"emulator":{"name":"ui"},"message":"Ignoring unsupported arg: port"}}
[debug] [2020-09-28T09:45:57.776Z] Starting Emulator UI with command {"binary":"node","args":["/home/coder/.cache/firebase/emulators/ui-v1.1.1/server.bundle.js"],"optionalArgs":[],"joinArgs":false} {"metadata":{"emulator":{"name":"ui"},"message":"Starting Emulator UI with command {\"binary\":\"node\",\"args\":[\"/home/coder/.cache/firebase/emulators/ui-v1.1.1/server.bundle.js\"],\"optionalArgs\":[],\"joinArgs\":false}"}}
[info] i  ui: Emulator UI logging to ui-debug.log {"metadata":{"emulator":{"name":"ui"},"message":"Emulator UI logging to \u001b[1mui-debug.log\u001b[22m"}}
[debug] [2020-09-28T09:45:58.081Z] Web / API server started at http://localhost:4000
 {"metadata":{"emulator":{"name":"ui"},"message":"Web / API server started at http://localhost:4000\n"}}
[info] i  functions: Watching "/home/coder/Documents/projects/amazon-clone/functions" for Cloud Functions... {"metadata":{"emulator":{"name":"functions"},"message":"Watching \"/home/coder/Documents/projects/amazon-clone/functions\" for Cloud Functions..."}}
[debug] [2020-09-28T09:45:58.341Z] [worker-pool] addWorker(~diagnostic~) {"metadata":{"emulator":{"name":"functions"},"message":"[worker-pool] addWorker(~diagnostic~)"}}
[debug] [2020-09-28T09:45:58.342Z] [worker-pool] Adding worker with key ~diagnostic~, total=1 {"metadata":{"emulator":{"name":"functions"},"message":"[worker-pool] Adding worker with key ~diagnostic~, total=1"}}
[debug] [2020-09-28T09:45:58.343Z] [worker-pool] submitWork(triggerId=) {"metadata":{"emulator":{"name":"functions"},"message":"[worker-pool] submitWork(triggerId=)"}}
[debug] [2020-09-28T09:45:58.344Z] [worker-~diagnostic~-a70ccfe8-3340-498d-a8ee-3d7d298fcdfb]: Assigning socketPath: /tmp/fire_emu_13486.sock {"metadata":{"emulator":{"name":"functions"},"message":"[worker-~diagnostic~-a70ccfe8-3340-498d-a8ee-3d7d298fcdfb]: Assigning socketPath: /tmp/fire_emu_13486.sock"}}
[debug] [2020-09-28T09:45:58.345Z] [worker-~diagnostic~-a70ccfe8-3340-498d-a8ee-3d7d298fcdfb]: BUSY {"metadata":{"emulator":{"name":"functions"},"message":"[worker-~diagnostic~-a70ccfe8-3340-498d-a8ee-3d7d298fcdfb]: BUSY"}}
[debug] [2020-09-28T09:45:59.182Z] [runtime-status] [13486] Functions runtime initialized. {"cwd":"/home/coder/Documents/projects/amazon-clone/functions","node_version":"12.18.3"} {"metadata":{"emulator":{"name":"functions"},"message":"[runtime-status] [13486] Functions runtime initialized. {\"cwd\":\"/home/coder/Documents/projects/amazon-clone/functions\",\"node_version\":\"12.18.3\"}"}}
[debug] [2020-09-28T09:45:59.187Z] [runtime-status] [13486] Disabled runtime features: undefined {"metadata":{"emulator":{"name":"functions"},"message":"[runtime-status] [13486] Disabled runtime features: undefined"}}
[debug] [2020-09-28T09:45:59.198Z] [runtime-status] [13486] Resolved module firebase-admin {"declared":true,"installed":true,"version":"8.13.0","resolution":"/home/coder/Documents/projects/amazon-clone/functions/node_modules/firebase-admin/lib/index.js"} {"metadata":{"emulator":{"name":"functions"},"message":"[runtime-status] [13486] Resolved module firebase-admin {\"declared\":true,\"installed\":true,\"version\":\"8.13.0\",\"resolution\":\"/home/coder/Documents/projects/amazon-clone/functions/node_modules/firebase-admin/lib/index.js\"}"}}
[debug] [2020-09-28T09:45:59.205Z] [runtime-status] [13486] Resolved module firebase-functions {"declared":true,"installed":true,"version":"3.11.0","resolution":"/home/coder/Documents/projects/amazon-clone/functions/node_modules/firebase-functions/lib/index.js"} {"metadata":{"emulator":{"name":"functions"},"message":"[runtime-status] [13486] Resolved module firebase-functions {\"declared\":true,\"installed\":true,\"version\":\"3.11.0\",\"resolution\":\"/home/coder/Documents/projects/amazon-clone/functions/node_modules/firebase-functions/lib/index.js\"}"}}
[debug] [2020-09-28T09:45:59.208Z] [runtime-status] [13486] Resolved module firebase-functions {"declared":true,"installed":true,"version":"3.11.0","resolution":"/home/coder/Documents/projects/amazon-clone/functions/node_modules/firebase-functions/lib/index.js"} {"metadata":{"emulator":{"name":"functions"},"message":"[runtime-status] [13486] Resolved module firebase-functions {\"declared\":true,\"installed\":true,\"version\":\"3.11.0\",\"resolution\":\"/home/coder/Documents/projects/amazon-clone/functions/node_modules/firebase-functions/lib/index.js\"}"}}
[debug] [2020-09-28T09:45:59.212Z] [runtime-status] [13486] Outgoing network have been stubbed. [{"name":"http","status":"mocked"},{"name":"http","status":"mocked"},{"name":"https","status":"mocked"},{"name":"https","status":"mocked"},{"name":"net","status":"mocked"}] {"metadata":{"emulator":{"name":"functions"},"message":"[runtime-status] [13486] Outgoing network have been stubbed. [{\"name\":\"http\",\"status\":\"mocked\"},{\"name\":\"http\",\"status\":\"mocked\"},{\"name\":\"https\",\"status\":\"mocked\"},{\"name\":\"https\",\"status\":\"mocked\"},{\"name\":\"net\",\"status\":\"mocked\"}]"}}
[debug] [2020-09-28T09:45:59.213Z] [runtime-status] [13486] Resolved module firebase-functions {"declared":true,"installed":true,"version":"3.11.0","resolution":"/home/coder/Documents/projects/amazon-clone/functions/node_modules/firebase-functions/lib/index.js"} {"metadata":{"emulator":{"name":"functions"},"message":"[runtime-status] [13486] Resolved module firebase-functions {\"declared\":true,\"installed\":true,\"version\":\"3.11.0\",\"resolution\":\"/home/coder/Documents/projects/amazon-clone/functions/node_modules/firebase-functions/lib/index.js\"}"}}
[debug] [2020-09-28T09:45:59.546Z] [runtime-status] [13486] Checked functions.config() {"config":{}} {"metadata":{"emulator":{"name":"functions"},"message":"[runtime-status] [13486] Checked functions.config() {\"config\":{}}"}}
[debug] [2020-09-28T09:45:59.547Z] [runtime-status] [13486] firebase-functions has been stubbed. {"functionsResolution":{"declared":true,"installed":true,"version":"3.11.0","resolution":"/home/coder/Documents/projects/amazon-clone/functions/node_modules/firebase-functions/lib/index.js"}} {"metadata":{"emulator":{"name":"functions"},"message":"[runtime-status] [13486] firebase-functions has been stubbed. {\"functionsResolution\":{\"declared\":true,\"installed\":true,\"version\":\"3.11.0\",\"resolution\":\"/home/coder/Documents/projects/amazon-clone/functions/node_modules/firebase-functions/lib/index.js\"}}"}}
[debug] [2020-09-28T09:45:59.548Z] [runtime-status] [13486] Resolved module firebase-functions {"declared":true,"installed":true,"version":"3.11.0","resolution":"/home/coder/Documents/projects/amazon-clone/functions/node_modules/firebase-functions/lib/index.js"} {"metadata":{"emulator":{"name":"functions"},"message":"[runtime-status] [13486] Resolved module firebase-functions {\"declared\":true,\"installed\":true,\"version\":\"3.11.0\",\"resolution\":\"/home/coder/Documents/projects/amazon-clone/functions/node_modules/firebase-functions/lib/index.js\"}"}}
[debug] [2020-09-28T09:45:59.550Z] [runtime-status] [13486] Resolved module firebase-admin {"declared":true,"installed":true,"version":"8.13.0","resolution":"/home/coder/Documents/projects/amazon-clone/functions/node_modules/firebase-admin/lib/index.js"} {"metadata":{"emulator":{"name":"functions"},"message":"[runtime-status] [13486] Resolved module firebase-admin {\"declared\":true,\"installed\":true,\"version\":\"8.13.0\",\"resolution\":\"/home/coder/Documents/projects/amazon-clone/functions/node_modules/firebase-admin/lib/index.js\"}"}}
[debug] [2020-09-28T09:45:59.551Z] [runtime-status] [13486] Resolved module firebase-functions {"declared":true,"installed":true,"version":"3.11.0","resolution":"/home/coder/Documents/projects/amazon-clone/functions/node_modules/firebase-functions/lib/index.js"} {"metadata":{"emulator":{"name":"functions"},"message":"[runtime-status] [13486] Resolved module firebase-functions {\"declared\":true,\"installed\":true,\"version\":\"3.11.0\",\"resolution\":\"/home/coder/Documents/projects/amazon-clone/functions/node_modules/firebase-functions/lib/index.js\"}"}}
[debug] [2020-09-28T09:45:59.553Z] [runtime-status] [13486] firebase-admin has been stubbed. {"adminResolution":{"declared":true,"installed":true,"version":"8.13.0","resolution":"/home/coder/Documents/projects/amazon-clone/functions/node_modules/firebase-admin/lib/index.js"}} {"metadata":{"emulator":{"name":"functions"},"message":"[runtime-status] [13486] firebase-admin has been stubbed. {\"adminResolution\":{\"declared\":true,\"installed\":true,\"version\":\"8.13.0\",\"resolution\":\"/home/coder/Documents/projects/amazon-clone/functions/node_modules/firebase-admin/lib/index.js\"}}"}}
[info] ✔  functions[api]: http function initialized (http://localhost:5001/clone-5fba8/us-central1/api). {"metadata":{"emulator":{"name":"functions"},"message":"\u001b[1mhttp\u001b[22m function initialized (http://localhost:5001/clone-5fba8/us-central1/api)."}}
[info] 
┌───────────────────────────────────────────────────────────────────────┐
│ ✔  All emulators ready! View status and logs at http://localhost:4000 │
└───────────────────────────────────────────────────────────────────────┘

┌───────────┬────────────────┬─────────────────────────────────┐
│ Emulator  │ Host:Port      │ View in Emulator UI             │
├───────────┼────────────────┼─────────────────────────────────┤
│ Functions │ localhost:5001 │ http://localhost:4000/functions │
├───────────┼────────────────┼─────────────────────────────────┤
│ Hosting   │ localhost:5000 │ n/a                             │
└───────────┴────────────────┴─────────────────────────────────┘
  Other reserved ports: 4400, 4500

Issues? Report them at https://github.com/firebase/firebase-tools/issues and attach the *-debug.log files.
 
[debug] [2020-09-28T09:46:00.518Z] [worker-~diagnostic~-a70ccfe8-3340-498d-a8ee-3d7d298fcdfb]: IDLE {"metadata":{"emulator":{"name":"functions"},"message":"[worker-~diagnostic~-a70ccfe8-3340-498d-a8ee-3d7d298fcdfb]: IDLE"}}
[debug] [2020-09-28T09:46:05.238Z] [work-queue] {"queueLength":1,"workRunningCount":0}
[debug] [2020-09-28T09:46:05.239Z] [work-queue] {"queueLength":0,"workRunningCount":1}
[debug] [2020-09-28T09:46:05.240Z] Accepted request GET /clone-5fba8/us-central1/api --> api
[debug] [2020-09-28T09:46:05.251Z] [worker-pool] addWorker(api) {"metadata":{"emulator":{"name":"functions"},"message":"[worker-pool] addWorker(api)"}}
[debug] [2020-09-28T09:46:05.252Z] [worker-pool] Adding worker with key api, total=1 {"metadata":{"emulator":{"name":"functions"},"message":"[worker-pool] Adding worker with key api, total=1"}}
[debug] [2020-09-28T09:46:05.253Z] [worker-pool] submitWork(triggerId=api) {"metadata":{"emulator":{"name":"functions"},"message":"[worker-pool] submitWork(triggerId=api)"}}
[debug] [2020-09-28T09:46:05.254Z] [worker-api-f6f5dd3f-4947-41a3-a42f-67c7324b6544]: Assigning socketPath: /tmp/fire_emu_13516.sock {"metadata":{"emulator":{"name":"functions"},"message":"[worker-api-f6f5dd3f-4947-41a3-a42f-67c7324b6544]: Assigning socketPath: /tmp/fire_emu_13516.sock"}}
[debug] [2020-09-28T09:46:05.255Z] [worker-api-f6f5dd3f-4947-41a3-a42f-67c7324b6544]: BUSY {"metadata":{"emulator":{"name":"functions"},"message":"[worker-api-f6f5dd3f-4947-41a3-a42f-67c7324b6544]: BUSY"}}
[debug] [2020-09-28T09:46:06.053Z] [runtime-status] [13516] Functions runtime initialized. {"cwd":"/home/coder/Documents/projects/amazon-clone/functions","node_version":"12.18.3"} {"metadata":{"emulator":{"name":"functions"},"function":{"name":"api"},"message":"[runtime-status] [13516] Functions runtime initialized. {\"cwd\":\"/home/coder/Documents/projects/amazon-clone/functions\",\"node_version\":\"12.18.3\"}"}}
[debug] [2020-09-28T09:46:06.061Z] [runtime-status] [13516] Disabled runtime features: undefined {"metadata":{"emulator":{"name":"functions"},"function":{"name":"api"},"message":"[runtime-status] [13516] Disabled runtime features: undefined"}}
[debug] [2020-09-28T09:46:06.083Z] [runtime-status] [13516] Resolved module firebase-admin {"declared":true,"installed":true,"version":"8.13.0","resolution":"/home/coder/Documents/projects/amazon-clone/functions/node_modules/firebase-admin/lib/index.js"} {"metadata":{"emulator":{"name":"functions"},"function":{"name":"api"},"message":"[runtime-status] [13516] Resolved module firebase-admin {\"declared\":true,\"installed\":true,\"version\":\"8.13.0\",\"resolution\":\"/home/coder/Documents/projects/amazon-clone/functions/node_modules/firebase-admin/lib/index.js\"}"}}
[debug] [2020-09-28T09:46:06.085Z] [runtime-status] [13516] Resolved module firebase-functions {"declared":true,"installed":true,"version":"3.11.0","resolution":"/home/coder/Documents/projects/amazon-clone/functions/node_modules/firebase-functions/lib/index.js"} {"metadata":{"emulator":{"name":"functions"},"function":{"name":"api"},"message":"[runtime-status] [13516] Resolved module firebase-functions {\"declared\":true,\"installed\":true,\"version\":\"3.11.0\",\"resolution\":\"/home/coder/Documents/projects/amazon-clone/functions/node_modules/firebase-functions/lib/index.js\"}"}}
[debug] [2020-09-28T09:46:06.089Z] [runtime-status] [13516] Resolved module firebase-functions {"declared":true,"installed":true,"version":"3.11.0","resolution":"/home/coder/Documents/projects/amazon-clone/functions/node_modules/firebase-functions/lib/index.js"} {"metadata":{"emulator":{"name":"functions"},"function":{"name":"api"},"message":"[runtime-status] [13516] Resolved module firebase-functions {\"declared\":true,\"installed\":true,\"version\":\"3.11.0\",\"resolution\":\"/home/coder/Documents/projects/amazon-clone/functions/node_modules/firebase-functions/lib/index.js\"}"}}
[debug] [2020-09-28T09:46:06.096Z] [runtime-status] [13516] Outgoing network have been stubbed. [{"name":"http","status":"mocked"},{"name":"http","status":"mocked"},{"name":"https","status":"mocked"},{"name":"https","status":"mocked"},{"name":"net","status":"mocked"}] {"metadata":{"emulator":{"name":"functions"},"function":{"name":"api"},"message":"[runtime-status] [13516] Outgoing network have been stubbed. [{\"name\":\"http\",\"status\":\"mocked\"},{\"name\":\"http\",\"status\":\"mocked\"},{\"name\":\"https\",\"status\":\"mocked\"},{\"name\":\"https\",\"status\":\"mocked\"},{\"name\":\"net\",\"status\":\"mocked\"}]"}}
[debug] [2020-09-28T09:46:06.097Z] [runtime-status] [13516] Resolved module firebase-functions {"declared":true,"installed":true,"version":"3.11.0","resolution":"/home/coder/Documents/projects/amazon-clone/functions/node_modules/firebase-functions/lib/index.js"} {"metadata":{"emulator":{"name":"functions"},"function":{"name":"api"},"message":"[runtime-status] [13516] Resolved module firebase-functions {\"declared\":true,\"installed\":true,\"version\":\"3.11.0\",\"resolution\":\"/home/coder/Documents/projects/amazon-clone/functions/node_modules/firebase-functions/lib/index.js\"}"}}
[debug] [2020-09-28T09:46:06.192Z] [runtime-status] [13516] Checked functions.config() {"config":{}} {"metadata":{"emulator":{"name":"functions"},"function":{"name":"api"},"message":"[runtime-status] [13516] Checked functions.config() {\"config\":{}}"}}
[debug] [2020-09-28T09:46:06.193Z] [runtime-status] [13516] firebase-functions has been stubbed. {"functionsResolution":{"declared":true,"installed":true,"version":"3.11.0","resolution":"/home/coder/Documents/projects/amazon-clone/functions/node_modules/firebase-functions/lib/index.js"}} {"metadata":{"emulator":{"name":"functions"},"function":{"name":"api"},"message":"[runtime-status] [13516] firebase-functions has been stubbed. {\"functionsResolution\":{\"declared\":true,\"installed\":true,\"version\":\"3.11.0\",\"resolution\":\"/home/coder/Documents/projects/amazon-clone/functions/node_modules/firebase-functions/lib/index.js\"}}"}}
[debug] [2020-09-28T09:46:06.195Z] [runtime-status] [13516] Resolved module firebase-functions {"declared":true,"installed":true,"version":"3.11.0","resolution":"/home/coder/Documents/projects/amazon-clone/functions/node_modules/firebase-functions/lib/index.js"} {"metadata":{"emulator":{"name":"functions"},"function":{"name":"api"},"message":"[runtime-status] [13516] Resolved module firebase-functions {\"declared\":true,\"installed\":true,\"version\":\"3.11.0\",\"resolution\":\"/home/coder/Documents/projects/amazon-clone/functions/node_modules/firebase-functions/lib/index.js\"}"}}
[debug] [2020-09-28T09:46:06.197Z] [runtime-status] [13516] Resolved module firebase-admin {"declared":true,"installed":true,"version":"8.13.0","resolution":"/home/coder/Documents/projects/amazon-clone/functions/node_modules/firebase-admin/lib/index.js"} {"metadata":{"emulator":{"name":"functions"},"function":{"name":"api"},"message":"[runtime-status] [13516] Resolved module firebase-admin {\"declared\":true,\"installed\":true,\"version\":\"8.13.0\",\"resolution\":\"/home/coder/Documents/projects/amazon-clone/functions/node_modules/firebase-admin/lib/index.js\"}"}}
[debug] [2020-09-28T09:46:06.199Z] [runtime-status] [13516] Resolved module firebase-functions {"declared":true,"installed":true,"version":"3.11.0","resolution":"/home/coder/Documents/projects/amazon-clone/functions/node_modules/firebase-functions/lib/index.js"} {"metadata":{"emulator":{"name":"functions"},"function":{"name":"api"},"message":"[runtime-status] [13516] Resolved module firebase-functions {\"declared\":true,\"installed\":true,\"version\":\"3.11.0\",\"resolution\":\"/home/coder/Documents/projects/amazon-clone/functions/node_modules/firebase-functions/lib/index.js\"}"}}
[debug] [2020-09-28T09:46:06.200Z] [runtime-status] [13516] firebase-admin has been stubbed. {"adminResolution":{"declared":true,"installed":true,"version":"8.13.0","resolution":"/home/coder/Documents/projects/amazon-clone/functions/node_modules/firebase-admin/lib/index.js"}} {"metadata":{"emulator":{"name":"functions"},"function":{"name":"api"},"message":"[runtime-status] [13516] firebase-admin has been stubbed. {\"adminResolution\":{\"declared\":true,\"installed\":true,\"version\":\"8.13.0\",\"resolution\":\"/home/coder/Documents/projects/amazon-clone/functions/node_modules/firebase-admin/lib/index.js\"}}"}}
[debug] [2020-09-28T09:46:06.468Z] [runtime-status] [13516] Trigger "api" has been found, beginning invocation! {"metadata":{"emulator":{"name":"functions"},"function":{"name":"api"},"message":"[runtime-status] [13516] Trigger \"api\" has been found, beginning invocation!"}}
[info] i  functions: Beginning execution of "api" {"metadata":{"emulator":{"name":"functions"},"function":{"name":"api"},"message":"Beginning execution of \"api\""}}
[debug] [2020-09-28T09:46:06.471Z] [runtime-status] [13516] triggerDefinition {"httpsTrigger":{},"name":"api","entryPoint":"api"} {"metadata":{"emulator":{"name":"functions"},"function":{"name":"api"},"message":"[runtime-status] [13516] triggerDefinition {\"httpsTrigger\":{},\"name\":\"api\",\"entryPoint\":\"api\"}"}}
[debug] [2020-09-28T09:46:06.472Z] [runtime-status] [13516] Running api in mode HTTPS {"metadata":{"emulator":{"name":"functions"},"function":{"name":"api"},"message":"[runtime-status] [13516] Running api in mode HTTPS"}}
[debug] [2020-09-28T09:46:06.483Z] [runtime-status] [13516] Attempting to listen to socketPath: /tmp/fire_emu_13516.sock {"metadata":{"emulator":{"name":"functions"},"function":{"name":"api"},"message":"[runtime-status] [13516] Attempting to listen to socketPath: /tmp/fire_emu_13516.sock"}}
[debug] [2020-09-28T09:46:06.532Z] [functions] Runtime ready! Sending request! {"metadata":{"emulator":{"name":"functions"},"message":"[functions] Runtime ready! Sending request!"}}
[debug] [2020-09-28T09:46:06.592Z] [runtime-status] [13516] Ephemeral server handling GET request {"metadata":{"emulator":{"name":"functions"},"function":{"name":"api"},"message":"[runtime-status] [13516] Ephemeral server handling GET request"}}
[debug] [2020-09-28T09:46:06.612Z] [runtime-status] [13516] Ephemeral server survived. {"metadata":{"emulator":{"name":"functions"},"function":{"name":"api"},"message":"[runtime-status] [13516] Ephemeral server survived."}}
[info] i  functions: Finished "api" in ~1s {"metadata":{"emulator":{"name":"functions"},"function":{"name":"api"},"message":"Finished \"api\" in ~1s"}}
[debug] [2020-09-28T09:46:06.620Z] [worker-api-f6f5dd3f-4947-41a3-a42f-67c7324b6544]: IDLE {"metadata":{"emulator":{"name":"functions"},"message":"[worker-api-f6f5dd3f-4947-41a3-a42f-67c7324b6544]: IDLE"}}
[debug] [2020-09-28T09:46:06.621Z] [work-queue] {"queueLength":0,"workRunningCount":0}
[debug] [2020-09-28T09:46:06.949Z] Functions emulator received unknown request at path /favicon.ico
[debug] [2020-09-28T09:49:58.888Z] File /home/coder/Documents/projects/amazon-clone/functions/index.js changed, reloading triggers {"metadata":{"emulator":{"name":"functions"},"message":"File /home/coder/Documents/projects/amazon-clone/functions/index.js changed, reloading triggers"}}
[debug] [2020-09-28T09:49:59.890Z] [worker-pool] Shutting down IDLE worker (~diagnostic~) {"metadata":{"emulator":{"name":"functions"},"message":"[worker-pool] Shutting down IDLE worker (~diagnostic~)"}}
[debug] [2020-09-28T09:49:59.890Z] [worker-~diagnostic~-a70ccfe8-3340-498d-a8ee-3d7d298fcdfb]: FINISHING {"metadata":{"emulator":{"name":"functions"},"message":"[worker-~diagnostic~-a70ccfe8-3340-498d-a8ee-3d7d298fcdfb]: FINISHING"}}
[debug] [2020-09-28T09:49:59.892Z] [worker-pool] Shutting down IDLE worker (api) {"metadata":{"emulator":{"name":"functions"},"message":"[worker-pool] Shutting down IDLE worker (api)"}}
[debug] [2020-09-28T09:49:59.892Z] [worker-api-f6f5dd3f-4947-41a3-a42f-67c7324b6544]: FINISHING {"metadata":{"emulator":{"name":"functions"},"message":"[worker-api-f6f5dd3f-4947-41a3-a42f-67c7324b6544]: FINISHING"}}
[debug] [2020-09-28T09:49:59.914Z] [worker-pool] addWorker(~diagnostic~) {"metadata":{"emulator":{"name":"functions"},"message":"[worker-pool] addWorker(~diagnostic~)"}}
[debug] [2020-09-28T09:49:59.915Z] [worker-pool] Adding worker with key ~diagnostic~, total=2 {"metadata":{"emulator":{"name":"functions"},"message":"[worker-pool] Adding worker with key ~diagnostic~, total=2"}}
[debug] [2020-09-28T09:49:59.916Z] [worker-pool] submitWork(triggerId=) {"metadata":{"emulator":{"name":"functions"},"message":"[worker-pool] submitWork(triggerId=)"}}
[debug] [2020-09-28T09:49:59.916Z] [worker-~diagnostic~-26b2da6e-636a-48f8-a941-3bdec97913a1]: Assigning socketPath: /tmp/fire_emu_13652.sock {"metadata":{"emulator":{"name":"functions"},"message":"[worker-~diagnostic~-26b2da6e-636a-48f8-a941-3bdec97913a1]: Assigning socketPath: /tmp/fire_emu_13652.sock"}}
[debug] [2020-09-28T09:49:59.918Z] [worker-~diagnostic~-26b2da6e-636a-48f8-a941-3bdec97913a1]: BUSY {"metadata":{"emulator":{"name":"functions"},"message":"[worker-~diagnostic~-26b2da6e-636a-48f8-a941-3bdec97913a1]: BUSY"}}
[debug] [2020-09-28T09:49:59.927Z] [worker-~diagnostic~-a70ccfe8-3340-498d-a8ee-3d7d298fcdfb]: exited {"metadata":{"emulator":{"name":"functions"},"message":"[worker-~diagnostic~-a70ccfe8-3340-498d-a8ee-3d7d298fcdfb]: exited"}}
[debug] [2020-09-28T09:49:59.930Z] [worker-~diagnostic~-a70ccfe8-3340-498d-a8ee-3d7d298fcdfb]: FINISHED {"metadata":{"emulator":{"name":"functions"},"message":"[worker-~diagnostic~-a70ccfe8-3340-498d-a8ee-3d7d298fcdfb]: FINISHED"}}
[debug] [2020-09-28T09:49:59.936Z] [worker-api-f6f5dd3f-4947-41a3-a42f-67c7324b6544]: exited {"metadata":{"emulator":{"name":"functions"},"message":"[worker-api-f6f5dd3f-4947-41a3-a42f-67c7324b6544]: exited"}}
[debug] [2020-09-28T09:49:59.937Z] [worker-api-f6f5dd3f-4947-41a3-a42f-67c7324b6544]: FINISHED {"metadata":{"emulator":{"name":"functions"},"message":"[worker-api-f6f5dd3f-4947-41a3-a42f-67c7324b6544]: FINISHED"}}
[debug] [2020-09-28T09:50:01.040Z] [runtime-status] [13652] Functions runtime initialized. {"cwd":"/home/coder/Documents/projects/amazon-clone/functions","node_version":"12.18.3"} {"metadata":{"emulator":{"name":"functions"},"message":"[runtime-status] [13652] Functions runtime initialized. {\"cwd\":\"/home/coder/Documents/projects/amazon-clone/functions\",\"node_version\":\"12.18.3\"}"}}
[debug] [2020-09-28T09:50:01.049Z] [runtime-status] [13652] Disabled runtime features: undefined {"metadata":{"emulator":{"name":"functions"},"message":"[runtime-status] [13652] Disabled runtime features: undefined"}}
[debug] [2020-09-28T09:50:01.058Z] [runtime-status] [13652] Resolved module firebase-admin {"declared":true,"installed":true,"version":"8.13.0","resolution":"/home/coder/Documents/projects/amazon-clone/functions/node_modules/firebase-admin/lib/index.js"} {"metadata":{"emulator":{"name":"functions"},"message":"[runtime-status] [13652] Resolved module firebase-admin {\"declared\":true,\"installed\":true,\"version\":\"8.13.0\",\"resolution\":\"/home/coder/Documents/projects/amazon-clone/functions/node_modules/firebase-admin/lib/index.js\"}"}}
[debug] [2020-09-28T09:50:01.064Z] [runtime-status] [13652] Resolved module firebase-functions {"declared":true,"installed":true,"version":"3.11.0","resolution":"/home/coder/Documents/projects/amazon-clone/functions/node_modules/firebase-functions/lib/index.js"} {"metadata":{"emulator":{"name":"functions"},"message":"[runtime-status] [13652] Resolved module firebase-functions {\"declared\":true,\"installed\":true,\"version\":\"3.11.0\",\"resolution\":\"/home/coder/Documents/projects/amazon-clone/functions/node_modules/firebase-functions/lib/index.js\"}"}}
[debug] [2020-09-28T09:50:01.068Z] [runtime-status] [13652] Resolved module firebase-functions {"declared":true,"installed":true,"version":"3.11.0","resolution":"/home/coder/Documents/projects/amazon-clone/functions/node_modules/firebase-functions/lib/index.js"} {"metadata":{"emulator":{"name":"functions"},"message":"[runtime-status] [13652] Resolved module firebase-functions {\"declared\":true,\"installed\":true,\"version\":\"3.11.0\",\"resolution\":\"/home/coder/Documents/projects/amazon-clone/functions/node_modules/firebase-functions/lib/index.js\"}"}}
[debug] [2020-09-28T09:50:01.078Z] [runtime-status] [13652] Outgoing network have been stubbed. [{"name":"http","status":"mocked"},{"name":"http","status":"mocked"},{"name":"https","status":"mocked"},{"name":"https","status":"mocked"},{"name":"net","status":"mocked"}] {"metadata":{"emulator":{"name":"functions"},"message":"[runtime-status] [13652] Outgoing network have been stubbed. [{\"name\":\"http\",\"status\":\"mocked\"},{\"name\":\"http\",\"status\":\"mocked\"},{\"name\":\"https\",\"status\":\"mocked\"},{\"name\":\"https\",\"status\":\"mocked\"},{\"name\":\"net\",\"status\":\"mocked\"}]"}}
[debug] [2020-09-28T09:50:01.081Z] [runtime-status] [13652] Resolved module firebase-functions {"declared":true,"installed":true,"version":"3.11.0","resolution":"/home/coder/Documents/projects/amazon-clone/functions/node_modules/firebase-functions/lib/index.js"} {"metadata":{"emulator":{"name":"functions"},"message":"[runtime-status] [13652] Resolved module firebase-functions {\"declared\":true,\"installed\":true,\"version\":\"3.11.0\",\"resolution\":\"/home/coder/Documents/projects/amazon-clone/functions/node_modules/firebase-functions/lib/index.js\"}"}}
[debug] [2020-09-28T09:50:01.234Z] [runtime-status] [13652] Checked functions.config() {"config":{}} {"metadata":{"emulator":{"name":"functions"},"message":"[runtime-status] [13652] Checked functions.config() {\"config\":{}}"}}
[debug] [2020-09-28T09:50:01.236Z] [runtime-status] [13652] firebase-functions has been stubbed. {"functionsResolution":{"declared":true,"installed":true,"version":"3.11.0","resolution":"/home/coder/Documents/projects/amazon-clone/functions/node_modules/firebase-functions/lib/index.js"}} {"metadata":{"emulator":{"name":"functions"},"message":"[runtime-status] [13652] firebase-functions has been stubbed. {\"functionsResolution\":{\"declared\":true,\"installed\":true,\"version\":\"3.11.0\",\"resolution\":\"/home/coder/Documents/projects/amazon-clone/functions/node_modules/firebase-functions/lib/index.js\"}}"}}
[debug] [2020-09-28T09:50:01.240Z] [runtime-status] [13652] Resolved module firebase-functions {"declared":true,"installed":true,"version":"3.11.0","resolution":"/home/coder/Documents/projects/amazon-clone/functions/node_modules/firebase-functions/lib/index.js"} {"metadata":{"emulator":{"name":"functions"},"message":"[runtime-status] [13652] Resolved module firebase-functions {\"declared\":true,\"installed\":true,\"version\":\"3.11.0\",\"resolution\":\"/home/coder/Documents/projects/amazon-clone/functions/node_modules/firebase-functions/lib/index.js\"}"}}
[debug] [2020-09-28T09:50:01.244Z] [runtime-status] [13652] Resolved module firebase-admin {"declared":true,"installed":true,"version":"8.13.0","resolution":"/home/coder/Documents/projects/amazon-clone/functions/node_modules/firebase-admin/lib/index.js"} {"metadata":{"emulator":{"name":"functions"},"message":"[runtime-status] [13652] Resolved module firebase-admin {\"declared\":true,\"installed\":true,\"version\":\"8.13.0\",\"resolution\":\"/home/coder/Documents/projects/amazon-clone/functions/node_modules/firebase-admin/lib/index.js\"}"}}
[debug] [2020-09-28T09:50:01.247Z] [runtime-status] [13652] Resolved module firebase-functions {"declared":true,"installed":true,"version":"3.11.0","resolution":"/home/coder/Documents/projects/amazon-clone/functions/node_modules/firebase-functions/lib/index.js"} {"metadata":{"emulator":{"name":"functions"},"message":"[runtime-status] [13652] Resolved module firebase-functions {\"declared\":true,\"installed\":true,\"version\":\"3.11.0\",\"resolution\":\"/home/coder/Documents/projects/amazon-clone/functions/node_modules/firebase-functions/lib/index.js\"}"}}
[debug] [2020-09-28T09:50:01.249Z] [runtime-status] [13652] firebase-admin has been stubbed. {"adminResolution":{"declared":true,"installed":true,"version":"8.13.0","resolution":"/home/coder/Documents/projects/amazon-clone/functions/node_modules/firebase-admin/lib/index.js"}} {"metadata":{"emulator":{"name":"functions"},"message":"[runtime-status] [13652] firebase-admin has been stubbed. {\"adminResolution\":{\"declared\":true,\"installed\":true,\"version\":\"8.13.0\",\"resolution\":\"/home/coder/Documents/projects/amazon-clone/functions/node_modules/firebase-admin/lib/index.js\"}}"}}
[warn] ⚠  Error: Cannot find module 'stripe'
Require stack:
- /home/coder/Documents/projects/amazon-clone/functions/index.js
- /usr/lib/node_modules/firebase-tools/lib/emulator/functionsEmulatorRuntime.js
    at Function.Module._resolveFilename (internal/modules/cjs/loader.js:965:15)
    at Function.Module._load (internal/modules/cjs/loader.js:841:27)
    at Module.require (internal/modules/cjs/loader.js:1025:19)
    at require (internal/modules/cjs/helpers.js:72:18)
    at Object.<anonymous> (/home/coder/Documents/projects/amazon-clone/functions/index.js:6:16)
    at Module._compile (internal/modules/cjs/loader.js:1137:30)
    at Object.Module._extensions..js (internal/modules/cjs/loader.js:1157:10)
    at Module.load (internal/modules/cjs/loader.js:985:32)
    at Function.Module._load (internal/modules/cjs/loader.js:878:14)
    at Module.require (internal/modules/cjs/loader.js:1025:19) {"metadata":{"emulator":{"name":"functions"},"message":"Error: Cannot find module 'stripe'\nRequire stack:\n- /home/coder/Documents/projects/amazon-clone/functions/index.js\n- /usr/lib/node_modules/firebase-tools/lib/emulator/functionsEmulatorRuntime.js\n    at Function.Module._resolveFilename (internal/modules/cjs/loader.js:965:15)\n    at Function.Module._load (internal/modules/cjs/loader.js:841:27)\n    at Module.require (internal/modules/cjs/loader.js:1025:19)\n    at require (internal/modules/cjs/helpers.js:72:18)\n    at Object.<anonymous> (/home/coder/Documents/projects/amazon-clone/functions/index.js:6:16)\n    at Module._compile (internal/modules/cjs/loader.js:1137:30)\n    at Object.Module._extensions..js (internal/modules/cjs/loader.js:1157:10)\n    at Module.load (internal/modules/cjs/loader.js:985:32)\n    at Function.Module._load (internal/modules/cjs/loader.js:878:14)\n    at Module.require (internal/modules/cjs/loader.js:1025:19)"}}
[warn] ⚠  We were unable to load your functions code. (see above) {"metadata":{"emulator":{"name":"functions"}}}
[debug] [2020-09-28T09:50:01.680Z] [worker-~diagnostic~-26b2da6e-636a-48f8-a941-3bdec97913a1]: exited {"metadata":{"emulator":{"name":"functions"},"message":"[worker-~diagnostic~-26b2da6e-636a-48f8-a941-3bdec97913a1]: exited"}}
[debug] [2020-09-28T09:50:01.681Z] [worker-~diagnostic~-26b2da6e-636a-48f8-a941-3bdec97913a1]: FINISHED {"metadata":{"emulator":{"name":"functions"},"message":"[worker-~diagnostic~-26b2da6e-636a-48f8-a941-3bdec97913a1]: FINISHED"}}
[debug] [2020-09-28T09:50:47.752Z] File /home/coder/Documents/projects/amazon-clone/functions/index.js changed, reloading triggers {"metadata":{"emulator":{"name":"functions"},"message":"File /home/coder/Documents/projects/amazon-clone/functions/index.js changed, reloading triggers"}}
[debug] [2020-09-28T09:50:48.753Z] [worker-pool] Cleaned up workers for ~diagnostic~: 2 --> 0 {"metadata":{"emulator":{"name":"functions"},"message":"[worker-pool] Cleaned up workers for ~diagnostic~: 2 --> 0"}}
[debug] [2020-09-28T09:50:48.754Z] [worker-pool] Cleaned up workers for api: 1 --> 0 {"metadata":{"emulator":{"name":"functions"},"message":"[worker-pool] Cleaned up workers for api: 1 --> 0"}}
[debug] [2020-09-28T09:50:48.766Z] [worker-pool] addWorker(~diagnostic~) {"metadata":{"emulator":{"name":"functions"},"message":"[worker-pool] addWorker(~diagnostic~)"}}
[debug] [2020-09-28T09:50:48.774Z] [worker-pool] Adding worker with key ~diagnostic~, total=1 {"metadata":{"emulator":{"name":"functions"},"message":"[worker-pool] Adding worker with key ~diagnostic~, total=1"}}
[debug] [2020-09-28T09:50:48.775Z] [worker-pool] submitWork(triggerId=) {"metadata":{"emulator":{"name":"functions"},"message":"[worker-pool] submitWork(triggerId=)"}}
[debug] [2020-09-28T09:50:48.776Z] [worker-~diagnostic~-bf2b7dae-5e25-404b-888d-69904a7cd15e]: Assigning socketPath: /tmp/fire_emu_13695.sock {"metadata":{"emulator":{"name":"functions"},"message":"[worker-~diagnostic~-bf2b7dae-5e25-404b-888d-69904a7cd15e]: Assigning socketPath: /tmp/fire_emu_13695.sock"}}
[debug] [2020-09-28T09:50:48.776Z] [worker-~diagnostic~-bf2b7dae-5e25-404b-888d-69904a7cd15e]: BUSY {"metadata":{"emulator":{"name":"functions"},"message":"[worker-~diagnostic~-bf2b7dae-5e25-404b-888d-69904a7cd15e]: BUSY"}}
[debug] [2020-09-28T09:50:49.848Z] [runtime-status] [13695] Functions runtime initialized. {"cwd":"/home/coder/Documents/projects/amazon-clone/functions","node_version":"12.18.3"} {"metadata":{"emulator":{"name":"functions"},"message":"[runtime-status] [13695] Functions runtime initialized. {\"cwd\":\"/home/coder/Documents/projects/amazon-clone/functions\",\"node_version\":\"12.18.3\"}"}}
[debug] [2020-09-28T09:50:49.865Z] [runtime-status] [13695] Disabled runtime features: undefined {"metadata":{"emulator":{"name":"functions"},"message":"[runtime-status] [13695] Disabled runtime features: undefined"}}
[debug] [2020-09-28T09:50:49.886Z] [runtime-status] [13695] Resolved module firebase-admin {"declared":true,"installed":true,"version":"8.13.0","resolution":"/home/coder/Documents/projects/amazon-clone/functions/node_modules/firebase-admin/lib/index.js"} {"metadata":{"emulator":{"name":"functions"},"message":"[runtime-status] [13695] Resolved module firebase-admin {\"declared\":true,\"installed\":true,\"version\":\"8.13.0\",\"resolution\":\"/home/coder/Documents/projects/amazon-clone/functions/node_modules/firebase-admin/lib/index.js\"}"}}
[debug] [2020-09-28T09:50:49.896Z] [runtime-status] [13695] Resolved module firebase-functions {"declared":true,"installed":true,"version":"3.11.0","resolution":"/home/coder/Documents/projects/amazon-clone/functions/node_modules/firebase-functions/lib/index.js"} {"metadata":{"emulator":{"name":"functions"},"message":"[runtime-status] [13695] Resolved module firebase-functions {\"declared\":true,\"installed\":true,\"version\":\"3.11.0\",\"resolution\":\"/home/coder/Documents/projects/amazon-clone/functions/node_modules/firebase-functions/lib/index.js\"}"}}
[debug] [2020-09-28T09:50:49.901Z] [runtime-status] [13695] Resolved module firebase-functions {"declared":true,"installed":true,"version":"3.11.0","resolution":"/home/coder/Documents/projects/amazon-clone/functions/node_modules/firebase-functions/lib/index.js"} {"metadata":{"emulator":{"name":"functions"},"message":"[runtime-status] [13695] Resolved module firebase-functions {\"declared\":true,\"installed\":true,\"version\":\"3.11.0\",\"resolution\":\"/home/coder/Documents/projects/amazon-clone/functions/node_modules/firebase-functions/lib/index.js\"}"}}
[debug] [2020-09-28T09:50:49.922Z] [runtime-status] [13695] Outgoing network have been stubbed. [{"name":"http","status":"mocked"},{"name":"http","status":"mocked"},{"name":"https","status":"mocked"},{"name":"https","status":"mocked"},{"name":"net","status":"mocked"}] {"metadata":{"emulator":{"name":"functions"},"message":"[runtime-status] [13695] Outgoing network have been stubbed. [{\"name\":\"http\",\"status\":\"mocked\"},{\"name\":\"http\",\"status\":\"mocked\"},{\"name\":\"https\",\"status\":\"mocked\"},{\"name\":\"https\",\"status\":\"mocked\"},{\"name\":\"net\",\"status\":\"mocked\"}]"}}
[debug] [2020-09-28T09:50:49.926Z] [runtime-status] [13695] Resolved module firebase-functions {"declared":true,"installed":true,"version":"3.11.0","resolution":"/home/coder/Documents/projects/amazon-clone/functions/node_modules/firebase-functions/lib/index.js"} {"metadata":{"emulator":{"name":"functions"},"message":"[runtime-status] [13695] Resolved module firebase-functions {\"declared\":true,\"installed\":true,\"version\":\"3.11.0\",\"resolution\":\"/home/coder/Documents/projects/amazon-clone/functions/node_modules/firebase-functions/lib/index.js\"}"}}
[debug] [2020-09-28T09:50:50.067Z] [runtime-status] [13695] Checked functions.config() {"config":{}} {"metadata":{"emulator":{"name":"functions"},"message":"[runtime-status] [13695] Checked functions.config() {\"config\":{}}"}}
[debug] [2020-09-28T09:50:50.068Z] [runtime-status] [13695] firebase-functions has been stubbed. {"functionsResolution":{"declared":true,"installed":true,"version":"3.11.0","resolution":"/home/coder/Documents/projects/amazon-clone/functions/node_modules/firebase-functions/lib/index.js"}} {"metadata":{"emulator":{"name":"functions"},"message":"[runtime-status] [13695] firebase-functions has been stubbed. {\"functionsResolution\":{\"declared\":true,\"installed\":true,\"version\":\"3.11.0\",\"resolution\":\"/home/coder/Documents/projects/amazon-clone/functions/node_modules/firebase-functions/lib/index.js\"}}"}}
[debug] [2020-09-28T09:50:50.070Z] [runtime-status] [13695] Resolved module firebase-functions {"declared":true,"installed":true,"version":"3.11.0","resolution":"/home/coder/Documents/projects/amazon-clone/functions/node_modules/firebase-functions/lib/index.js"} {"metadata":{"emulator":{"name":"functions"},"message":"[runtime-status] [13695] Resolved module firebase-functions {\"declared\":true,\"installed\":true,\"version\":\"3.11.0\",\"resolution\":\"/home/coder/Documents/projects/amazon-clone/functions/node_modules/firebase-functions/lib/index.js\"}"}}
[debug] [2020-09-28T09:50:50.074Z] [runtime-status] [13695] Resolved module firebase-admin {"declared":true,"installed":true,"version":"8.13.0","resolution":"/home/coder/Documents/projects/amazon-clone/functions/node_modules/firebase-admin/lib/index.js"} {"metadata":{"emulator":{"name":"functions"},"message":"[runtime-status] [13695] Resolved module firebase-admin {\"declared\":true,\"installed\":true,\"version\":\"8.13.0\",\"resolution\":\"/home/coder/Documents/projects/amazon-clone/functions/node_modules/firebase-admin/lib/index.js\"}"}}
[debug] [2020-09-28T09:50:50.075Z] [runtime-status] [13695] Resolved module firebase-functions {"declared":true,"installed":true,"version":"3.11.0","resolution":"/home/coder/Documents/projects/amazon-clone/functions/node_modules/firebase-functions/lib/index.js"} {"metadata":{"emulator":{"name":"functions"},"message":"[runtime-status] [13695] Resolved module firebase-functions {\"declared\":true,\"installed\":true,\"version\":\"3.11.0\",\"resolution\":\"/home/coder/Documents/projects/amazon-clone/functions/node_modules/firebase-functions/lib/index.js\"}"}}
[debug] [2020-09-28T09:50:50.076Z] [runtime-status] [13695] firebase-admin has been stubbed. {"adminResolution":{"declared":true,"installed":true,"version":"8.13.0","resolution":"/home/coder/Documents/projects/amazon-clone/functions/node_modules/firebase-admin/lib/index.js"}} {"metadata":{"emulator":{"name":"functions"},"message":"[runtime-status] [13695] firebase-admin has been stubbed. {\"adminResolution\":{\"declared\":true,\"installed\":true,\"version\":\"8.13.0\",\"resolution\":\"/home/coder/Documents/projects/amazon-clone/functions/node_modules/firebase-admin/lib/index.js\"}}"}}
[warn] ⚠  /home/coder/Documents/projects/amazon-clone/functions/index.js:6
const stripe = require("stripe")('sk_test_51HW3xzLkfDTCTqC5RwBS7yRWqgc3WfcEBxFLXkmREyBcikxxRVx9M4r08XYOaQeA1zTVIxtekSqERy0j3wnB3oKI00khB6R7hu")
                                 ^^^^^^^^^^^^^^^^^^^^^^^^^^^^^^^^^^^^^^^^^^^^^^^^^^^^^^^^^^^^^^^^^^^^^^^^^^^^^^^^^^^^^^^^^^^^^^^^^^^^^^^^^^^^^^

SyntaxError: Invalid or unexpected token
    at wrapSafe (internal/modules/cjs/loader.js:1053:16)
    at Module._compile (internal/modules/cjs/loader.js:1101:27)
    at Object.Module._extensions..js (internal/modules/cjs/loader.js:1157:10)
    at Module.load (internal/modules/cjs/loader.js:985:32)
    at Function.Module._load (internal/modules/cjs/loader.js:878:14)
    at Module.require (internal/modules/cjs/loader.js:1025:19)
    at require (internal/modules/cjs/helpers.js:72:18)
    at /usr/lib/node_modules/firebase-tools/lib/emulator/functionsEmulatorRuntime.js:681:33
    at Generator.next (<anonymous>)
    at fulfilled (/usr/lib/node_modules/firebase-tools/lib/emulator/functionsEmulatorRuntime.js:5:58) {"metadata":{"emulator":{"name":"functions"},"message":"/home/coder/Documents/projects/amazon-clone/functions/index.js:6\nconst stripe = require(\"stripe\")('sk_test_51HW3xzLkfDTCTqC5RwBS7yRWqgc3WfcEBxFLXkmREyBcikxxRVx9M4r08XYOaQeA1zTVIxtekSqERy0j3wnB3oKI00khB6R7hu\")\n                                 ^^^^^^^^^^^^^^^^^^^^^^^^^^^^^^^^^^^^^^^^^^^^^^^^^^^^^^^^^^^^^^^^^^^^^^^^^^^^^^^^^^^^^^^^^^^^^^^^^^^^^^^^^^^^^^\n\nSyntaxError: Invalid or unexpected token\n    at wrapSafe (internal/modules/cjs/loader.js:1053:16)\n    at Module._compile (internal/modules/cjs/loader.js:1101:27)\n    at Object.Module._extensions..js (internal/modules/cjs/loader.js:1157:10)\n    at Module.load (internal/modules/cjs/loader.js:985:32)\n    at Function.Module._load (internal/modules/cjs/loader.js:878:14)\n    at Module.require (internal/modules/cjs/loader.js:1025:19)\n    at require (internal/modules/cjs/helpers.js:72:18)\n    at /usr/lib/node_modules/firebase-tools/lib/emulator/functionsEmulatorRuntime.js:681:33\n    at Generator.next (<anonymous>)\n    at fulfilled (/usr/lib/node_modules/firebase-tools/lib/emulator/functionsEmulatorRuntime.js:5:58)"}}
[warn] ⚠  We were unable to load your functions code. (see above) {"metadata":{"emulator":{"name":"functions"}}}
[debug] [2020-09-28T09:50:50.105Z] [worker-~diagnostic~-bf2b7dae-5e25-404b-888d-69904a7cd15e]: exited {"metadata":{"emulator":{"name":"functions"},"message":"[worker-~diagnostic~-bf2b7dae-5e25-404b-888d-69904a7cd15e]: exited"}}
[debug] [2020-09-28T09:50:50.106Z] [worker-~diagnostic~-bf2b7dae-5e25-404b-888d-69904a7cd15e]: FINISHED {"metadata":{"emulator":{"name":"functions"},"message":"[worker-~diagnostic~-bf2b7dae-5e25-404b-888d-69904a7cd15e]: FINISHED"}}
[debug] [2020-09-28T09:50:53.511Z] File /home/coder/Documents/projects/amazon-clone/functions/index.js changed, reloading triggers {"metadata":{"emulator":{"name":"functions"},"message":"File /home/coder/Documents/projects/amazon-clone/functions/index.js changed, reloading triggers"}}
[debug] [2020-09-28T09:50:54.512Z] [worker-pool] Cleaned up workers for ~diagnostic~: 1 --> 0 {"metadata":{"emulator":{"name":"functions"},"message":"[worker-pool] Cleaned up workers for ~diagnostic~: 1 --> 0"}}
[debug] [2020-09-28T09:50:54.527Z] [worker-pool] addWorker(~diagnostic~) {"metadata":{"emulator":{"name":"functions"},"message":"[worker-pool] addWorker(~diagnostic~)"}}
[debug] [2020-09-28T09:50:54.528Z] [worker-pool] Adding worker with key ~diagnostic~, total=1 {"metadata":{"emulator":{"name":"functions"},"message":"[worker-pool] Adding worker with key ~diagnostic~, total=1"}}
[debug] [2020-09-28T09:50:54.529Z] [worker-pool] submitWork(triggerId=) {"metadata":{"emulator":{"name":"functions"},"message":"[worker-pool] submitWork(triggerId=)"}}
[debug] [2020-09-28T09:50:54.530Z] [worker-~diagnostic~-b341c985-066c-49fa-af52-ed08a857e46d]: Assigning socketPath: /tmp/fire_emu_13715.sock {"metadata":{"emulator":{"name":"functions"},"message":"[worker-~diagnostic~-b341c985-066c-49fa-af52-ed08a857e46d]: Assigning socketPath: /tmp/fire_emu_13715.sock"}}
[debug] [2020-09-28T09:50:54.530Z] [worker-~diagnostic~-b341c985-066c-49fa-af52-ed08a857e46d]: BUSY {"metadata":{"emulator":{"name":"functions"},"message":"[worker-~diagnostic~-b341c985-066c-49fa-af52-ed08a857e46d]: BUSY"}}
[debug] [2020-09-28T09:50:55.655Z] [runtime-status] [13715] Functions runtime initialized. {"cwd":"/home/coder/Documents/projects/amazon-clone/functions","node_version":"12.18.3"} {"metadata":{"emulator":{"name":"functions"},"message":"[runtime-status] [13715] Functions runtime initialized. {\"cwd\":\"/home/coder/Documents/projects/amazon-clone/functions\",\"node_version\":\"12.18.3\"}"}}
[debug] [2020-09-28T09:50:55.666Z] [runtime-status] [13715] Disabled runtime features: undefined {"metadata":{"emulator":{"name":"functions"},"message":"[runtime-status] [13715] Disabled runtime features: undefined"}}
[debug] [2020-09-28T09:50:55.678Z] [runtime-status] [13715] Resolved module firebase-admin {"declared":true,"installed":true,"version":"8.13.0","resolution":"/home/coder/Documents/projects/amazon-clone/functions/node_modules/firebase-admin/lib/index.js"} {"metadata":{"emulator":{"name":"functions"},"message":"[runtime-status] [13715] Resolved module firebase-admin {\"declared\":true,\"installed\":true,\"version\":\"8.13.0\",\"resolution\":\"/home/coder/Documents/projects/amazon-clone/functions/node_modules/firebase-admin/lib/index.js\"}"}}
[debug] [2020-09-28T09:50:55.688Z] [runtime-status] [13715] Resolved module firebase-functions {"declared":true,"installed":true,"version":"3.11.0","resolution":"/home/coder/Documents/projects/amazon-clone/functions/node_modules/firebase-functions/lib/index.js"} {"metadata":{"emulator":{"name":"functions"},"message":"[runtime-status] [13715] Resolved module firebase-functions {\"declared\":true,\"installed\":true,\"version\":\"3.11.0\",\"resolution\":\"/home/coder/Documents/projects/amazon-clone/functions/node_modules/firebase-functions/lib/index.js\"}"}}
[debug] [2020-09-28T09:50:55.692Z] [runtime-status] [13715] Resolved module firebase-functions {"declared":true,"installed":true,"version":"3.11.0","resolution":"/home/coder/Documents/projects/amazon-clone/functions/node_modules/firebase-functions/lib/index.js"} {"metadata":{"emulator":{"name":"functions"},"message":"[runtime-status] [13715] Resolved module firebase-functions {\"declared\":true,\"installed\":true,\"version\":\"3.11.0\",\"resolution\":\"/home/coder/Documents/projects/amazon-clone/functions/node_modules/firebase-functions/lib/index.js\"}"}}
[debug] [2020-09-28T09:50:55.700Z] [runtime-status] [13715] Outgoing network have been stubbed. [{"name":"http","status":"mocked"},{"name":"http","status":"mocked"},{"name":"https","status":"mocked"},{"name":"https","status":"mocked"},{"name":"net","status":"mocked"}] {"metadata":{"emulator":{"name":"functions"},"message":"[runtime-status] [13715] Outgoing network have been stubbed. [{\"name\":\"http\",\"status\":\"mocked\"},{\"name\":\"http\",\"status\":\"mocked\"},{\"name\":\"https\",\"status\":\"mocked\"},{\"name\":\"https\",\"status\":\"mocked\"},{\"name\":\"net\",\"status\":\"mocked\"}]"}}
[debug] [2020-09-28T09:50:55.703Z] [runtime-status] [13715] Resolved module firebase-functions {"declared":true,"installed":true,"version":"3.11.0","resolution":"/home/coder/Documents/projects/amazon-clone/functions/node_modules/firebase-functions/lib/index.js"} {"metadata":{"emulator":{"name":"functions"},"message":"[runtime-status] [13715] Resolved module firebase-functions {\"declared\":true,\"installed\":true,\"version\":\"3.11.0\",\"resolution\":\"/home/coder/Documents/projects/amazon-clone/functions/node_modules/firebase-functions/lib/index.js\"}"}}
[debug] [2020-09-28T09:50:55.865Z] [runtime-status] [13715] Checked functions.config() {"config":{}} {"metadata":{"emulator":{"name":"functions"},"message":"[runtime-status] [13715] Checked functions.config() {\"config\":{}}"}}
[debug] [2020-09-28T09:50:55.872Z] [runtime-status] [13715] firebase-functions has been stubbed. {"functionsResolution":{"declared":true,"installed":true,"version":"3.11.0","resolution":"/home/coder/Documents/projects/amazon-clone/functions/node_modules/firebase-functions/lib/index.js"}} {"metadata":{"emulator":{"name":"functions"},"message":"[runtime-status] [13715] firebase-functions has been stubbed. {\"functionsResolution\":{\"declared\":true,\"installed\":true,\"version\":\"3.11.0\",\"resolution\":\"/home/coder/Documents/projects/amazon-clone/functions/node_modules/firebase-functions/lib/index.js\"}}"}}
[debug] [2020-09-28T09:50:55.873Z] [runtime-status] [13715] Resolved module firebase-functions {"declared":true,"installed":true,"version":"3.11.0","resolution":"/home/coder/Documents/projects/amazon-clone/functions/node_modules/firebase-functions/lib/index.js"} {"metadata":{"emulator":{"name":"functions"},"message":"[runtime-status] [13715] Resolved module firebase-functions {\"declared\":true,\"installed\":true,\"version\":\"3.11.0\",\"resolution\":\"/home/coder/Documents/projects/amazon-clone/functions/node_modules/firebase-functions/lib/index.js\"}"}}
[debug] [2020-09-28T09:50:55.873Z] [runtime-status] [13715] Resolved module firebase-admin {"declared":true,"installed":true,"version":"8.13.0","resolution":"/home/coder/Documents/projects/amazon-clone/functions/node_modules/firebase-admin/lib/index.js"} {"metadata":{"emulator":{"name":"functions"},"message":"[runtime-status] [13715] Resolved module firebase-admin {\"declared\":true,\"installed\":true,\"version\":\"8.13.0\",\"resolution\":\"/home/coder/Documents/projects/amazon-clone/functions/node_modules/firebase-admin/lib/index.js\"}"}}
[debug] [2020-09-28T09:50:55.875Z] [runtime-status] [13715] Resolved module firebase-functions {"declared":true,"installed":true,"version":"3.11.0","resolution":"/home/coder/Documents/projects/amazon-clone/functions/node_modules/firebase-functions/lib/index.js"} {"metadata":{"emulator":{"name":"functions"},"message":"[runtime-status] [13715] Resolved module firebase-functions {\"declared\":true,\"installed\":true,\"version\":\"3.11.0\",\"resolution\":\"/home/coder/Documents/projects/amazon-clone/functions/node_modules/firebase-functions/lib/index.js\"}"}}
[debug] [2020-09-28T09:50:55.875Z] [runtime-status] [13715] firebase-admin has been stubbed. {"adminResolution":{"declared":true,"installed":true,"version":"8.13.0","resolution":"/home/coder/Documents/projects/amazon-clone/functions/node_modules/firebase-admin/lib/index.js"}} {"metadata":{"emulator":{"name":"functions"},"message":"[runtime-status] [13715] firebase-admin has been stubbed. {\"adminResolution\":{\"declared\":true,\"installed\":true,\"version\":\"8.13.0\",\"resolution\":\"/home/coder/Documents/projects/amazon-clone/functions/node_modules/firebase-admin/lib/index.js\"}}"}}
[warn] ⚠  Error: Cannot find module 'stripe'
Require stack:
- /home/coder/Documents/projects/amazon-clone/functions/index.js
- /usr/lib/node_modules/firebase-tools/lib/emulator/functionsEmulatorRuntime.js
    at Function.Module._resolveFilename (internal/modules/cjs/loader.js:965:15)
    at Function.Module._load (internal/modules/cjs/loader.js:841:27)
    at Module.require (internal/modules/cjs/loader.js:1025:19)
    at require (internal/modules/cjs/helpers.js:72:18)
    at Object.<anonymous> (/home/coder/Documents/projects/amazon-clone/functions/index.js:6:16)
    at Module._compile (internal/modules/cjs/loader.js:1137:30)
    at Object.Module._extensions..js (internal/modules/cjs/loader.js:1157:10)
    at Module.load (internal/modules/cjs/loader.js:985:32)
    at Function.Module._load (internal/modules/cjs/loader.js:878:14)
    at Module.require (internal/modules/cjs/loader.js:1025:19) {"metadata":{"emulator":{"name":"functions"},"message":"Error: Cannot find module 'stripe'\nRequire stack:\n- /home/coder/Documents/projects/amazon-clone/functions/index.js\n- /usr/lib/node_modules/firebase-tools/lib/emulator/functionsEmulatorRuntime.js\n    at Function.Module._resolveFilename (internal/modules/cjs/loader.js:965:15)\n    at Function.Module._load (internal/modules/cjs/loader.js:841:27)\n    at Module.require (internal/modules/cjs/loader.js:1025:19)\n    at require (internal/modules/cjs/helpers.js:72:18)\n    at Object.<anonymous> (/home/coder/Documents/projects/amazon-clone/functions/index.js:6:16)\n    at Module._compile (internal/modules/cjs/loader.js:1137:30)\n    at Object.Module._extensions..js (internal/modules/cjs/loader.js:1157:10)\n    at Module.load (internal/modules/cjs/loader.js:985:32)\n    at Function.Module._load (internal/modules/cjs/loader.js:878:14)\n    at Module.require (internal/modules/cjs/loader.js:1025:19)"}}
[warn] ⚠  We were unable to load your functions code. (see above) {"metadata":{"emulator":{"name":"functions"}}}
[debug] [2020-09-28T09:50:56.268Z] [worker-~diagnostic~-b341c985-066c-49fa-af52-ed08a857e46d]: exited {"metadata":{"emulator":{"name":"functions"},"message":"[worker-~diagnostic~-b341c985-066c-49fa-af52-ed08a857e46d]: exited"}}
[debug] [2020-09-28T09:50:56.268Z] [worker-~diagnostic~-b341c985-066c-49fa-af52-ed08a857e46d]: FINISHED {"metadata":{"emulator":{"name":"functions"},"message":"[worker-~diagnostic~-b341c985-066c-49fa-af52-ed08a857e46d]: FINISHED"}}
[debug] [2020-09-28T10:06:45.256Z] [work-queue] {"queueLength":1,"workRunningCount":0}
[debug] [2020-09-28T10:06:45.257Z] [work-queue] {"queueLength":0,"workRunningCount":1}
[debug] [2020-09-28T10:06:45.257Z] Accepted request POST /clone-5fba8/us-central1/api/payment/create?total=1998 --> api
[debug] [2020-09-28T10:06:45.257Z] [worker-pool] Cleaned up workers for ~diagnostic~: 1 --> 0 {"metadata":{"emulator":{"name":"functions"},"message":"[worker-pool] Cleaned up workers for ~diagnostic~: 1 --> 0"}}
[debug] [2020-09-28T10:06:45.349Z] [worker-pool] addWorker(api) {"metadata":{"emulator":{"name":"functions"},"message":"[worker-pool] addWorker(api)"}}
[debug] [2020-09-28T10:06:45.350Z] [worker-pool] Adding worker with key api, total=1 {"metadata":{"emulator":{"name":"functions"},"message":"[worker-pool] Adding worker with key api, total=1"}}
[debug] [2020-09-28T10:06:45.350Z] [worker-pool] submitWork(triggerId=api) {"metadata":{"emulator":{"name":"functions"},"message":"[worker-pool] submitWork(triggerId=api)"}}
[debug] [2020-09-28T10:06:45.351Z] [worker-api-c25efe92-bcc1-4155-b19c-e9de8ddc168d]: Assigning socketPath: /tmp/fire_emu_14318.sock {"metadata":{"emulator":{"name":"functions"},"message":"[worker-api-c25efe92-bcc1-4155-b19c-e9de8ddc168d]: Assigning socketPath: /tmp/fire_emu_14318.sock"}}
[debug] [2020-09-28T10:06:45.351Z] [worker-api-c25efe92-bcc1-4155-b19c-e9de8ddc168d]: BUSY {"metadata":{"emulator":{"name":"functions"},"message":"[worker-api-c25efe92-bcc1-4155-b19c-e9de8ddc168d]: BUSY"}}
[debug] [2020-09-28T10:06:52.420Z] [runtime-status] [14318] Functions runtime initialized. {"cwd":"/home/coder/Documents/projects/amazon-clone/functions","node_version":"12.18.3"} {"metadata":{"emulator":{"name":"functions"},"function":{"name":"api"},"message":"[runtime-status] [14318] Functions runtime initialized. {\"cwd\":\"/home/coder/Documents/projects/amazon-clone/functions\",\"node_version\":\"12.18.3\"}"}}
[debug] [2020-09-28T10:06:52.434Z] [runtime-status] [14318] Disabled runtime features: undefined {"metadata":{"emulator":{"name":"functions"},"function":{"name":"api"},"message":"[runtime-status] [14318] Disabled runtime features: undefined"}}
[debug] [2020-09-28T10:06:52.495Z] [runtime-status] [14318] Resolved module firebase-admin {"declared":true,"installed":true,"version":"8.13.0","resolution":"/home/coder/Documents/projects/amazon-clone/functions/node_modules/firebase-admin/lib/index.js"} {"metadata":{"emulator":{"name":"functions"},"function":{"name":"api"},"message":"[runtime-status] [14318] Resolved module firebase-admin {\"declared\":true,\"installed\":true,\"version\":\"8.13.0\",\"resolution\":\"/home/coder/Documents/projects/amazon-clone/functions/node_modules/firebase-admin/lib/index.js\"}"}}
[debug] [2020-09-28T10:06:52.502Z] [runtime-status] [14318] Resolved module firebase-functions {"declared":true,"installed":true,"version":"3.11.0","resolution":"/home/coder/Documents/projects/amazon-clone/functions/node_modules/firebase-functions/lib/index.js"} {"metadata":{"emulator":{"name":"functions"},"function":{"name":"api"},"message":"[runtime-status] [14318] Resolved module firebase-functions {\"declared\":true,\"installed\":true,\"version\":\"3.11.0\",\"resolution\":\"/home/coder/Documents/projects/amazon-clone/functions/node_modules/firebase-functions/lib/index.js\"}"}}
[debug] [2020-09-28T10:06:52.504Z] [runtime-status] [14318] Resolved module firebase-functions {"declared":true,"installed":true,"version":"3.11.0","resolution":"/home/coder/Documents/projects/amazon-clone/functions/node_modules/firebase-functions/lib/index.js"} {"metadata":{"emulator":{"name":"functions"},"function":{"name":"api"},"message":"[runtime-status] [14318] Resolved module firebase-functions {\"declared\":true,\"installed\":true,\"version\":\"3.11.0\",\"resolution\":\"/home/coder/Documents/projects/amazon-clone/functions/node_modules/firebase-functions/lib/index.js\"}"}}
[debug] [2020-09-28T10:06:52.510Z] [runtime-status] [14318] Outgoing network have been stubbed. [{"name":"http","status":"mocked"},{"name":"http","status":"mocked"},{"name":"https","status":"mocked"},{"name":"https","status":"mocked"},{"name":"net","status":"mocked"}] {"metadata":{"emulator":{"name":"functions"},"function":{"name":"api"},"message":"[runtime-status] [14318] Outgoing network have been stubbed. [{\"name\":\"http\",\"status\":\"mocked\"},{\"name\":\"http\",\"status\":\"mocked\"},{\"name\":\"https\",\"status\":\"mocked\"},{\"name\":\"https\",\"status\":\"mocked\"},{\"name\":\"net\",\"status\":\"mocked\"}]"}}
[debug] [2020-09-28T10:06:52.511Z] [runtime-status] [14318] Resolved module firebase-functions {"declared":true,"installed":true,"version":"3.11.0","resolution":"/home/coder/Documents/projects/amazon-clone/functions/node_modules/firebase-functions/lib/index.js"} {"metadata":{"emulator":{"name":"functions"},"function":{"name":"api"},"message":"[runtime-status] [14318] Resolved module firebase-functions {\"declared\":true,\"installed\":true,\"version\":\"3.11.0\",\"resolution\":\"/home/coder/Documents/projects/amazon-clone/functions/node_modules/firebase-functions/lib/index.js\"}"}}
[debug] [2020-09-28T10:06:52.951Z] [runtime-status] [14318] Checked functions.config() {"config":{}} {"metadata":{"emulator":{"name":"functions"},"function":{"name":"api"},"message":"[runtime-status] [14318] Checked functions.config() {\"config\":{}}"}}
[debug] [2020-09-28T10:06:52.954Z] [runtime-status] [14318] firebase-functions has been stubbed. {"functionsResolution":{"declared":true,"installed":true,"version":"3.11.0","resolution":"/home/coder/Documents/projects/amazon-clone/functions/node_modules/firebase-functions/lib/index.js"}} {"metadata":{"emulator":{"name":"functions"},"function":{"name":"api"},"message":"[runtime-status] [14318] firebase-functions has been stubbed. {\"functionsResolution\":{\"declared\":true,\"installed\":true,\"version\":\"3.11.0\",\"resolution\":\"/home/coder/Documents/projects/amazon-clone/functions/node_modules/firebase-functions/lib/index.js\"}}"}}
[debug] [2020-09-28T10:06:52.956Z] [runtime-status] [14318] Resolved module firebase-functions {"declared":true,"installed":true,"version":"3.11.0","resolution":"/home/coder/Documents/projects/amazon-clone/functions/node_modules/firebase-functions/lib/index.js"} {"metadata":{"emulator":{"name":"functions"},"function":{"name":"api"},"message":"[runtime-status] [14318] Resolved module firebase-functions {\"declared\":true,\"installed\":true,\"version\":\"3.11.0\",\"resolution\":\"/home/coder/Documents/projects/amazon-clone/functions/node_modules/firebase-functions/lib/index.js\"}"}}
[debug] [2020-09-28T10:06:52.959Z] [runtime-status] [14318] Resolved module firebase-admin {"declared":true,"installed":true,"version":"8.13.0","resolution":"/home/coder/Documents/projects/amazon-clone/functions/node_modules/firebase-admin/lib/index.js"} {"metadata":{"emulator":{"name":"functions"},"function":{"name":"api"},"message":"[runtime-status] [14318] Resolved module firebase-admin {\"declared\":true,\"installed\":true,\"version\":\"8.13.0\",\"resolution\":\"/home/coder/Documents/projects/amazon-clone/functions/node_modules/firebase-admin/lib/index.js\"}"}}
[debug] [2020-09-28T10:06:52.961Z] [runtime-status] [14318] Resolved module firebase-functions {"declared":true,"installed":true,"version":"3.11.0","resolution":"/home/coder/Documents/projects/amazon-clone/functions/node_modules/firebase-functions/lib/index.js"} {"metadata":{"emulator":{"name":"functions"},"function":{"name":"api"},"message":"[runtime-status] [14318] Resolved module firebase-functions {\"declared\":true,\"installed\":true,\"version\":\"3.11.0\",\"resolution\":\"/home/coder/Documents/projects/amazon-clone/functions/node_modules/firebase-functions/lib/index.js\"}"}}
[debug] [2020-09-28T10:06:52.961Z] [runtime-status] [14318] firebase-admin has been stubbed. {"adminResolution":{"declared":true,"installed":true,"version":"8.13.0","resolution":"/home/coder/Documents/projects/amazon-clone/functions/node_modules/firebase-admin/lib/index.js"}} {"metadata":{"emulator":{"name":"functions"},"function":{"name":"api"},"message":"[runtime-status] [14318] firebase-admin has been stubbed. {\"adminResolution\":{\"declared\":true,\"installed\":true,\"version\":\"8.13.0\",\"resolution\":\"/home/coder/Documents/projects/amazon-clone/functions/node_modules/firebase-admin/lib/index.js\"}}"}}
[warn] ⚠  Error: Cannot find module 'stripe'
Require stack:
- /home/coder/Documents/projects/amazon-clone/functions/index.js
- /usr/lib/node_modules/firebase-tools/lib/emulator/functionsEmulatorRuntime.js
    at Function.Module._resolveFilename (internal/modules/cjs/loader.js:965:15)
    at Function.Module._load (internal/modules/cjs/loader.js:841:27)
    at Module.require (internal/modules/cjs/loader.js:1025:19)
    at require (internal/modules/cjs/helpers.js:72:18)
    at Object.<anonymous> (/home/coder/Documents/projects/amazon-clone/functions/index.js:6:16)
    at Module._compile (internal/modules/cjs/loader.js:1137:30)
    at Object.Module._extensions..js (internal/modules/cjs/loader.js:1157:10)
    at Module.load (internal/modules/cjs/loader.js:985:32)
    at Function.Module._load (internal/modules/cjs/loader.js:878:14)
    at Module.require (internal/modules/cjs/loader.js:1025:19) {"metadata":{"emulator":{"name":"functions"},"function":{"name":"api"},"message":"Error: Cannot find module 'stripe'\nRequire stack:\n- /home/coder/Documents/projects/amazon-clone/functions/index.js\n- /usr/lib/node_modules/firebase-tools/lib/emulator/functionsEmulatorRuntime.js\n    at Function.Module._resolveFilename (internal/modules/cjs/loader.js:965:15)\n    at Function.Module._load (internal/modules/cjs/loader.js:841:27)\n    at Module.require (internal/modules/cjs/loader.js:1025:19)\n    at require (internal/modules/cjs/helpers.js:72:18)\n    at Object.<anonymous> (/home/coder/Documents/projects/amazon-clone/functions/index.js:6:16)\n    at Module._compile (internal/modules/cjs/loader.js:1137:30)\n    at Object.Module._extensions..js (internal/modules/cjs/loader.js:1157:10)\n    at Module.load (internal/modules/cjs/loader.js:985:32)\n    at Function.Module._load (internal/modules/cjs/loader.js:878:14)\n    at Module.require (internal/modules/cjs/loader.js:1025:19)"}}
[warn] ⚠  We were unable to load your functions code. (see above) {"metadata":{"emulator":{"name":"functions"},"function":{"name":"api"}}}
[debug] [2020-09-28T10:06:55.157Z] [worker-api-c25efe92-bcc1-4155-b19c-e9de8ddc168d]: exited {"metadata":{"emulator":{"name":"functions"},"message":"[worker-api-c25efe92-bcc1-4155-b19c-e9de8ddc168d]: exited"}}
[debug] [2020-09-28T10:06:55.157Z] [worker-api-c25efe92-bcc1-4155-b19c-e9de8ddc168d]: FINISHED {"metadata":{"emulator":{"name":"functions"},"message":"[worker-api-c25efe92-bcc1-4155-b19c-e9de8ddc168d]: FINISHED"}}
[debug] [2020-09-28T13:40:50.652Z] Received signal SIGHUP 1
